<?xml version="1.0" encoding="UTF-8"?>
<!-- Generated by org.testng.reporters.JUnitReportReporter -->
<testsuite skipped="0" hostname="LAPTOP-FN8U3CV9" name="com.qa.mevan.MevanDemoGit.GoogleHeadlines" tests="1" failures="0" timestamp="02 Aug 2019 04:46:05 GMT" time="1.300" errors="0">
  <testcase name="f" time="1.300" classname="com.qa.mevan.MevanDemoGit.GoogleHeadlines"/>
</testsuite> <!-- com.qa.mevan.MevanDemoGit.GoogleHeadlines -->
